INFO [2024-06-06 08:56:08] [[1]]
INFO [2024-06-06 08:56:08] inter_data
INFO [2024-06-06 08:56:08] 
INFO [2024-06-06 08:56:08] $filename
INFO [2024-06-06 08:56:08] NULL
INFO [2024-06-06 08:56:08] 
INFO [2024-06-06 08:56:08] $fill
INFO [2024-06-06 08:56:08] value
INFO [2024-06-06 08:56:08] 
INFO [2024-06-06 08:56:08] $cex
INFO [2024-06-06 08:56:08] input$fontsize
INFO [2024-06-06 08:56:08] 
INFO [2024-06-06 08:56:08] $margin
INFO [2024-06-06 08:56:08] [1] 0.2
INFO [2024-06-06 08:56:08] 
INFO [2024-06-06 08:56:08] $cat.cex
INFO [2024-06-06 08:56:08] input$fontsize
INFO [2024-06-06 08:56:08] 
INFO [2024-06-06 08:56:08] $lwd
INFO [2024-06-06 08:56:08] input$linewidth
INFO [2024-06-06 08:56:08] 
INFO [2024-06-06 08:56:08] $lty
INFO [2024-06-06 08:56:08] rep(as.numeric(input$linetype), length(inter_data))
INFO [2024-06-06 08:56:08] 
