INFO [2024-06-06 08:55:40] [[1]]
INFO [2024-06-06 08:55:40] inter_data
INFO [2024-06-06 08:55:40] 
INFO [2024-06-06 08:55:40] $filename
INFO [2024-06-06 08:55:40] NULL
INFO [2024-06-06 08:55:40] 
INFO [2024-06-06 08:55:40] $fill
INFO [2024-06-06 08:55:40] value
INFO [2024-06-06 08:55:40] 
INFO [2024-06-06 08:55:40] $cex
INFO [2024-06-06 08:55:40] input$fontsize
INFO [2024-06-06 08:55:40] 
INFO [2024-06-06 08:55:40] $margin
INFO [2024-06-06 08:55:40] [1] 0.2
INFO [2024-06-06 08:55:40] 
INFO [2024-06-06 08:55:40] $cat.cex
INFO [2024-06-06 08:55:40] input$fontsize
INFO [2024-06-06 08:55:40] 
INFO [2024-06-06 08:55:40] $lwd
INFO [2024-06-06 08:55:40] input$linewidth
INFO [2024-06-06 08:55:40] 
INFO [2024-06-06 08:55:40] $lty
INFO [2024-06-06 08:55:40] rep(as.numeric(input$linetype), length(inter_data))
INFO [2024-06-06 08:55:40] 
